<?xml version="1.0" encoding="UTF-8"?>
<!-- Generated by org.testng.reporters.JUnitReportReporter -->
<testsuite hostname="DESKTOP-UDIRQKO" failures="0" tests="3" name="restframeworktests.ExcelDataExtract" time="3.044" errors="0" timestamp="2020-04-04T14:52:43 EDT" skipped="0">
  <testcase classname="restframeworktests.ExcelDataExtract" name="postRegistrationProcess" time="0.292"/>
  <system-out/>
  <testcase classname="restframeworktests.ExcelDataExtract" name="postRegistrationProcess" time="0.436"/>
  <system-out/>
  <testcase classname="restframeworktests.ExcelDataExtract" name="postRegistrationProcess" time="2.316"/>
  <system-out/>
</testsuite> <!-- restframeworktests.ExcelDataExtract -->
