<?xml version="1.0" encoding="UTF-8"?>
<!-- Generated by org.testng.reporters.JUnitReportReporter -->
<testsuite hostname="DESKTOP-UDIRQKO" failures="0" tests="1" name="APIAutomation.APIAutomation.RestTestOne" time="3.468" errors="0" timestamp="2020-03-25T18:06:45 EDT" skipped="0">
  <testcase classname="APIAutomation.APIAutomation.RestTestOne" name="restAPIGet" time="3.468"/>
  <system-out/>
</testsuite> <!-- APIAutomation.APIAutomation.RestTestOne -->
