<?xml version="1.0" encoding="UTF-8"?>
<!-- Generated by org.testng.reporters.JUnitReportReporter -->
<testsuite hostname="DESKTOP-UDIRQKO" failures="0" tests="1" name="restframeworktests.ExcelDataExtract2" time="5.091" errors="0" timestamp="2020-04-04T18:08:14 EDT" skipped="0">
  <testcase classname="restframeworktests.ExcelDataExtract2" name="setting" time="5.091"/>
  <system-out/>
</testsuite> <!-- restframeworktests.ExcelDataExtract2 -->
