<?xml version="1.0" encoding="UTF-8"?>
<!-- Generated by org.testng.reporters.JUnitReportReporter -->
<testsuite hostname="DESKTOP-UDIRQKO" failures="0" tests="1" name="APIAutomation.APIAutomation.TC4CaptureAllHeaders" time="3.141" errors="0" timestamp="2020-03-29T08:31:38 EDT" skipped="0">
  <testcase classname="APIAutomation.APIAutomation.TC4CaptureAllHeaders" name="getWeatherAndValidate" time="3.141"/>
  <system-out/>
</testsuite> <!-- APIAutomation.APIAutomation.TC4CaptureAllHeaders -->
