<?xml version="1.0" encoding="UTF-8"?>
<!-- Generated by org.testng.reporters.JUnitReportReporter -->
<testsuite hostname="DESKTOP-UDIRQKO" failures="0" tests="1" name="APIAutomation.APIAutomation.TC5VerifyResposne" time="2.974" errors="0" timestamp="2020-03-29T08:34:10 EDT" skipped="0">
  <testcase classname="APIAutomation.APIAutomation.TC5VerifyResposne" name="getWeatherAndValidate" time="2.974"/>
  <system-out/>
</testsuite> <!-- APIAutomation.APIAutomation.TC5VerifyResposne -->
