<?xml version="1.0" encoding="UTF-8"?>
<!-- Generated by org.testng.reporters.JUnitReportReporter -->
<testsuite hostname="DESKTOP-UDIRQKO" failures="0" tests="1" name="APIAutomation.APIAutomation.AllRestMethods" time="2.360" errors="0" timestamp="2020-03-25T23:19:31 EDT" skipped="0">
  <testcase classname="APIAutomation.APIAutomation.AllRestMethods" name="getWeatherDetailsAndVerifyData" time="2.360"/>
  <system-out/>
</testsuite> <!-- APIAutomation.APIAutomation.AllRestMethods -->
