<?xml version="1.0" encoding="UTF-8"?>
<!-- Generated by org.testng.reporters.JUnitReportReporter -->
<testsuite hostname="DESKTOP-UDIRQKO" failures="0" tests="2" name="helper.CommonVariables" time="1.216" errors="0" timestamp="2020-04-04T11:51:45 EDT" skipped="0">
  <testcase classname="helper.CommonVariables" name="setVariables" time="0.220"/>
  <system-out/>
  <testcase classname="helper.CommonVariables" name="getTestCaseId" time="0.996"/>
  <system-out/>
</testsuite> <!-- helper.CommonVariables -->
