<?xml version="1.0" encoding="UTF-8"?>
<!-- Generated by org.testng.reporters.JUnitReportReporter -->
<testsuite hostname="DESKTOP-UDIRQKO" failures="0" tests="1" name="APIAutomation.APIAutomation.RSGetBasicAuthentication" time="2.722" errors="0" timestamp="2020-03-26T00:17:46 EDT" skipped="0">
  <testcase classname="APIAutomation.APIAutomation.RSGetBasicAuthentication" name="getafterAuthentication" time="2.722"/>
  <system-out/>
</testsuite> <!-- APIAutomation.APIAutomation.RSGetBasicAuthentication -->
