<?xml version="1.0" encoding="UTF-8"?>
<!-- Generated by org.testng.reporters.JUnitReportReporter -->
<testsuite hostname="DESKTOP-UDIRQKO" failures="0" tests="1" name="APIAutomation.APIAutomation.RestAssuredExtractValuesofEachNode" time="4.053" errors="0" timestamp="2020-03-25T23:54:12 EDT" skipped="0">
  <testcase classname="APIAutomation.APIAutomation.RestAssuredExtractValuesofEachNode" name="getWeatherAndValidate" time="4.053"/>
  <system-out/>
</testsuite> <!-- APIAutomation.APIAutomation.RestAssuredExtractValuesofEachNode -->
