<?xml version="1.0" encoding="UTF-8"?>
<!-- Generated by org.testng.reporters.JUnitReportReporter -->
<testsuite hostname="DESKTOP-UDIRQKO" failures="0" tests="1" name="APIAutomation.APIAutomation.RestAssuredGet" time="2.587" errors="0" timestamp="2020-03-25T22:04:03 EDT" skipped="0">
  <testcase classname="APIAutomation.APIAutomation.RestAssuredGet" name="getWeatherDetails" time="2.587"/>
  <system-out/>
</testsuite> <!-- APIAutomation.APIAutomation.RestAssuredGet -->
