<?xml version="1.0" encoding="UTF-8"?>
<!-- Generated by org.testng.reporters.JUnitReportReporter -->
<testsuite hostname="DESKTOP-UDIRQKO" failures="0" tests="1" name="helper.TestBodyParamsUtils" time="0.741" errors="0" timestamp="2020-04-05T17:01:08 EDT" skipped="0">
  <testcase classname="helper.TestBodyParamsUtils" name="getTestCaseID" time="0.741"/>
  <system-out/>
</testsuite> <!-- helper.TestBodyParamsUtils -->
