<?xml version="1.0" encoding="UTF-8"?>
<!-- Generated by org.testng.reporters.JUnitReportReporter -->
<testsuite hostname="DESKTOP-UDIRQKO" failures="0" tests="1" name="restframeworktests.ExcelSendRequests2" time="5.100" errors="0" timestamp="2020-04-05T13:33:55 EDT" skipped="0">
  <testcase classname="restframeworktests.ExcelSendRequests2" name="sendRequest" time="5.100"/>
  <system-out/>
</testsuite> <!-- restframeworktests.ExcelSendRequests2 -->
