<?xml version="1.0" encoding="UTF-8"?>
<!-- Generated by org.testng.reporters.JUnitReportReporter -->
<testsuite hostname="DESKTOP-UDIRQKO" failures="0" tests="1" name="APIAutomation.APIAutomation.RestAssuredCaptureAllHeaders" time="2.524" errors="0" timestamp="2020-03-25T23:16:52 EDT" skipped="0">
  <testcase classname="APIAutomation.APIAutomation.RestAssuredCaptureAllHeaders" name="getWeatherAndValidate" time="2.524"/>
  <system-out/>
</testsuite> <!-- APIAutomation.APIAutomation.RestAssuredCaptureAllHeaders -->
