<?xml version="1.0" encoding="UTF-8"?>
<!-- Generated by org.testng.reporters.JUnitReportReporter -->
<testsuite hostname="DESKTOP-UDIRQKO" failures="0" tests="1" name="APIAutomation.APIAutomation.RestAssuredGetValidateHeaders" time="3.121" errors="0" timestamp="2020-03-25T22:57:25 EDT" skipped="0">
  <testcase classname="APIAutomation.APIAutomation.RestAssuredGetValidateHeaders" name="getmapDetailsAndValidate" time="3.121"/>
  <system-out/>
</testsuite> <!-- APIAutomation.APIAutomation.RestAssuredGetValidateHeaders -->
