<?xml version="1.0" encoding="UTF-8"?>
<!-- Generated by org.testng.reporters.JUnitReportReporter -->
<testsuite hostname="DESKTOP-UDIRQKO" failures="0" tests="1" name="APIAutomation.APIAutomation.RestAssuredVerifyResposne" time="3.108" errors="0" timestamp="2020-03-25T23:44:26 EDT" skipped="0">
  <testcase classname="APIAutomation.APIAutomation.RestAssuredVerifyResposne" name="getWeatherAndValidate" time="3.108"/>
  <system-out/>
</testsuite> <!-- APIAutomation.APIAutomation.RestAssuredVerifyResposne -->
