<?xml version="1.0" encoding="UTF-8"?>
<!-- Generated by org.testng.reporters.JUnitReportReporter -->
<testsuite hostname="DESKTOP-UDIRQKO" failures="0" tests="1" name="restframeworktests.TC4_RequestBodyParams" time="3.446" errors="0" timestamp="2020-04-05T16:43:36 EDT" skipped="0">
  <testcase classname="restframeworktests.TC4_RequestBodyParams" name="postResitrationSucessful" time="3.446"/>
  <system-out/>
</testsuite> <!-- restframeworktests.TC4_RequestBodyParams -->
